coordenadas/app/build/intermediates/manifest_merge_blame_file/debug/manifest-merger-blame-debug-report.txt
1<?xml version="1.0" encoding="utf-8"?>
2<manifest xmlns:android="http://schemas.android.com/apk/res/android"
3    package="co.edu.unab.proyectomoviles.coordenadas"
4    android:versionCode="1"
5    android:versionName="1.0" >
6
7    <uses-sdk
8        android:minSdkVersion="21"
8-->src\main\AndroidManifest.xml
9        android:targetSdkVersion="29" />
9-->src\main\AndroidManifest.xml
10
11    <uses-permission android:name="android.permission.ACCESS_FINE_LOCATION" />
11-->src\main\AndroidManifest.xml:5:5-79
11-->src\main\AndroidManifest.xml:5:22-76
12    <uses-permission android:name="android.permission.INTERNET" />
12-->src\main\AndroidManifest.xml:6:5-67
12-->src\main\AndroidManifest.xml:6:22-64
13
14    <!-- Although the *SdkVersion is captured in gradle build files, this is required for non gradle builds -->
15    <!-- <uses-sdk android:minSdkVersion="14" /> -->
16    <uses-permission android:name="android.permission.ACCESS_NETWORK_STATE" />
16-->[com.google.firebase:firebase-firestore:21.4.3] AndroidManifest.xml:13:5-79
16-->[com.google.firebase:firebase-firestore:21.4.3] AndroidManifest.xml:13:22-76
17    <uses-permission android:name="android.permission.WAKE_LOCK" /> <!-- Required by older versions of Google Play services to create IID tokens -->
17-->[com.google.android.gms:play-services-measurement-api:17.4.1] AndroidManifest.xml:24:5-68
17-->[com.google.android.gms:play-services-measurement-api:17.4.1] AndroidManifest.xml:24:22-65
18    <uses-permission android:name="com.google.android.c2dm.permission.RECEIVE" />
18-->[com.google.firebase:firebase-iid:20.1.5] AndroidManifest.xml:26:5-82
18-->[com.google.firebase:firebase-iid:20.1.5] AndroidManifest.xml:26:22-79
19    <uses-permission android:name="com.google.android.finsky.permission.BIND_GET_INSTALL_REFERRER_SERVICE" />
19-->[com.google.android.gms:play-services-measurement:17.4.1] AndroidManifest.xml:26:5-110
19-->[com.google.android.gms:play-services-measurement:17.4.1] AndroidManifest.xml:26:22-107
20
21    <application
21-->src\main\AndroidManifest.xml:8:5-24:19
22        android:allowBackup="true"
22-->src\main\AndroidManifest.xml:9:9-35
23        android:appComponentFactory="androidx.core.app.CoreComponentFactory"
23-->[androidx.core:core:1.4.0-alpha01] AndroidManifest.xml:24:18-86
24        android:debuggable="true"
25        android:icon="@mipmap/ic_launcher"
25-->src\main\AndroidManifest.xml:10:9-43
26        android:label="@string/app_name"
26-->src\main\AndroidManifest.xml:11:9-41
27        android:roundIcon="@mipmap/ic_launcher_round"
27-->src\main\AndroidManifest.xml:12:9-54
28        android:supportsRtl="true"
28-->src\main\AndroidManifest.xml:13:9-35
29        android:testOnly="true"
30        android:theme="@style/AppTheme" >
30-->src\main\AndroidManifest.xml:14:9-40
31        <activity android:name="co.edu.unab.proyectomoviles.coordenadas.view.LoginActivity" >
31-->src\main\AndroidManifest.xml:15:9-21:20
31-->src\main\AndroidManifest.xml:15:19-53
32            <intent-filter>
32-->src\main\AndroidManifest.xml:16:13-20:29
33                <action android:name="android.intent.action.MAIN" />
33-->src\main\AndroidManifest.xml:17:17-69
33-->src\main\AndroidManifest.xml:17:25-66
34
35                <category android:name="android.intent.category.LAUNCHER" />
35-->src\main\AndroidManifest.xml:19:17-77
35-->src\main\AndroidManifest.xml:19:27-74
36            </intent-filter>
37        </activity>
38        <activity android:name="co.edu.unab.proyectomoviles.coordenadas.view.RegistroActivity" />
38-->src\main\AndroidManifest.xml:22:9-68
38-->src\main\AndroidManifest.xml:22:19-56
39        <activity android:name="co.edu.unab.proyectomoviles.coordenadas.view.MainActivity" />
39-->src\main\AndroidManifest.xml:23:9-64
39-->src\main\AndroidManifest.xml:23:19-52
40
41        <service
41-->[com.google.firebase:firebase-firestore:21.4.3] AndroidManifest.xml:17:9-23:19
42            android:name="com.google.firebase.components.ComponentDiscoveryService"
42-->[com.google.firebase:firebase-firestore:21.4.3] AndroidManifest.xml:18:13-84
43            android:directBootAware="true"
43-->[com.google.firebase:firebase-common:19.3.0] AndroidManifest.xml:34:13-43
44            android:exported="false" >
44-->[com.google.firebase:firebase-firestore:21.4.3] AndroidManifest.xml:19:13-37
45            <meta-data
45-->[com.google.firebase:firebase-firestore:21.4.3] AndroidManifest.xml:20:13-22:85
46                android:name="com.google.firebase.components:com.google.firebase.firestore.FirestoreRegistrar"
46-->[com.google.firebase:firebase-firestore:21.4.3] AndroidManifest.xml:21:17-111
47                android:value="com.google.firebase.components.ComponentRegistrar" />
47-->[com.google.firebase:firebase-firestore:21.4.3] AndroidManifest.xml:22:17-82
48            <meta-data
48-->[com.google.firebase:firebase-database:19.3.0] AndroidManifest.xml:32:13-34:85
49                android:name="com.google.firebase.components:com.google.firebase.database.DatabaseRegistrar"
49-->[com.google.firebase:firebase-database:19.3.0] AndroidManifest.xml:33:17-109
50                android:value="com.google.firebase.components.ComponentRegistrar" />
50-->[com.google.firebase:firebase-database:19.3.0] AndroidManifest.xml:34:17-82
51            <meta-data
51-->[com.google.firebase:firebase-auth:19.3.1] AndroidManifest.xml:36:13-38:85
52                android:name="com.google.firebase.components:com.google.firebase.auth.FirebaseAuthRegistrar"
52-->[com.google.firebase:firebase-auth:19.3.1] AndroidManifest.xml:37:17-109
53                android:value="com.google.firebase.components.ComponentRegistrar" />
53-->[com.google.firebase:firebase-auth:19.3.1] AndroidManifest.xml:38:17-82
54            <meta-data
54-->[com.google.android.gms:play-services-measurement-api:17.4.1] AndroidManifest.xml:30:13-32:85
55                android:name="com.google.firebase.components:com.google.firebase.analytics.connector.internal.AnalyticsConnectorRegistrar"
55-->[com.google.android.gms:play-services-measurement-api:17.4.1] AndroidManifest.xml:31:17-139
56                android:value="com.google.firebase.components.ComponentRegistrar" />
56-->[com.google.android.gms:play-services-measurement-api:17.4.1] AndroidManifest.xml:32:17-82
57            <meta-data
57-->[com.google.firebase:firebase-iid:20.1.5] AndroidManifest.xml:32:13-34:85
58                android:name="com.google.firebase.components:com.google.firebase.iid.Registrar"
58-->[com.google.firebase:firebase-iid:20.1.5] AndroidManifest.xml:33:17-96
59                android:value="com.google.firebase.components.ComponentRegistrar" />
59-->[com.google.firebase:firebase-iid:20.1.5] AndroidManifest.xml:34:17-82
60            <meta-data
60-->[com.google.firebase:firebase-installations:16.2.1] AndroidManifest.xml:17:13-19:85
61                android:name="com.google.firebase.components:com.google.firebase.installations.FirebaseInstallationsRegistrar"
61-->[com.google.firebase:firebase-installations:16.2.1] AndroidManifest.xml:18:17-127
62                android:value="com.google.firebase.components.ComponentRegistrar" />
62-->[com.google.firebase:firebase-installations:16.2.1] AndroidManifest.xml:19:17-82
63        </service>
64
65        <activity
65-->[com.google.firebase:firebase-auth:19.3.1] AndroidManifest.xml:24:9-31:50
66            android:name="com.google.firebase.auth.internal.FederatedSignInActivity"
66-->[com.google.firebase:firebase-auth:19.3.1] AndroidManifest.xml:25:13-85
67            android:excludeFromRecents="true"
67-->[com.google.firebase:firebase-auth:19.3.1] AndroidManifest.xml:26:13-46
68            android:exported="true"
68-->[com.google.firebase:firebase-auth:19.3.1] AndroidManifest.xml:27:13-36
69            android:launchMode="singleTask"
69-->[com.google.firebase:firebase-auth:19.3.1] AndroidManifest.xml:28:13-44
70            android:permission="com.google.firebase.auth.api.gms.permission.LAUNCH_FEDERATED_SIGN_IN"
70-->[com.google.firebase:firebase-auth:19.3.1] AndroidManifest.xml:29:13-102
71            android:theme="@android:style/Theme.Translucent.NoTitleBar" />
71-->[com.google.firebase:firebase-auth:19.3.1] AndroidManifest.xml:30:13-72
72
73        <receiver
73-->[com.google.firebase:firebase-iid:20.1.5] AndroidManifest.xml:37:9-44:20
74            android:name="com.google.firebase.iid.FirebaseInstanceIdReceiver"
74-->[com.google.firebase:firebase-iid:20.1.5] AndroidManifest.xml:38:13-78
75            android:exported="true"
75-->[com.google.firebase:firebase-iid:20.1.5] AndroidManifest.xml:39:13-36
76            android:permission="com.google.android.c2dm.permission.SEND" >
76-->[com.google.firebase:firebase-iid:20.1.5] AndroidManifest.xml:40:13-73
77            <intent-filter>
77-->[com.google.firebase:firebase-iid:20.1.5] AndroidManifest.xml:41:13-43:29
78                <action android:name="com.google.android.c2dm.intent.RECEIVE" />
78-->[com.google.firebase:firebase-iid:20.1.5] AndroidManifest.xml:42:17-81
78-->[com.google.firebase:firebase-iid:20.1.5] AndroidManifest.xml:42:25-78
79            </intent-filter>
80        </receiver>
81
82        <provider
82-->[com.google.firebase:firebase-common:19.3.0] AndroidManifest.xml:26:9-30:39
83            android:name="com.google.firebase.provider.FirebaseInitProvider"
83-->[com.google.firebase:firebase-common:19.3.0] AndroidManifest.xml:27:13-77
84            android:authorities="co.edu.unab.proyectomoviles.coordenadas.firebaseinitprovider"
84-->[com.google.firebase:firebase-common:19.3.0] AndroidManifest.xml:28:13-72
85            android:exported="false"
85-->[com.google.firebase:firebase-common:19.3.0] AndroidManifest.xml:29:13-37
86            android:initOrder="100" />
86-->[com.google.firebase:firebase-common:19.3.0] AndroidManifest.xml:30:13-36
87        <provider
87-->[androidx.lifecycle:lifecycle-process:2.2.0] AndroidManifest.xml:25:9-29:43
88            android:name="androidx.lifecycle.ProcessLifecycleOwnerInitializer"
88-->[androidx.lifecycle:lifecycle-process:2.2.0] AndroidManifest.xml:26:13-79
89            android:authorities="co.edu.unab.proyectomoviles.coordenadas.lifecycle-process"
89-->[androidx.lifecycle:lifecycle-process:2.2.0] AndroidManifest.xml:27:13-69
90            android:exported="false"
90-->[androidx.lifecycle:lifecycle-process:2.2.0] AndroidManifest.xml:28:13-37
91            android:multiprocess="true" />
91-->[androidx.lifecycle:lifecycle-process:2.2.0] AndroidManifest.xml:29:13-40
92
93        <activity
93-->[com.google.android.gms:play-services-base:17.1.0] AndroidManifest.xml:23:9-26:75
94            android:name="com.google.android.gms.common.api.GoogleApiActivity"
94-->[com.google.android.gms:play-services-base:17.1.0] AndroidManifest.xml:24:13-79
95            android:exported="false"
95-->[com.google.android.gms:play-services-base:17.1.0] AndroidManifest.xml:25:13-37
96            android:theme="@android:style/Theme.Translucent.NoTitleBar" />
96-->[com.google.android.gms:play-services-base:17.1.0] AndroidManifest.xml:26:13-72
97
98        <receiver
98-->[com.google.android.gms:play-services-measurement:17.4.1] AndroidManifest.xml:29:9-33:20
99            android:name="com.google.android.gms.measurement.AppMeasurementReceiver"
99-->[com.google.android.gms:play-services-measurement:17.4.1] AndroidManifest.xml:30:13-85
100            android:enabled="true"
100-->[com.google.android.gms:play-services-measurement:17.4.1] AndroidManifest.xml:31:13-35
101            android:exported="false" >
101-->[com.google.android.gms:play-services-measurement:17.4.1] AndroidManifest.xml:32:13-37
102        </receiver>
103
104        <service
104-->[com.google.android.gms:play-services-measurement:17.4.1] AndroidManifest.xml:35:9-38:40
105            android:name="com.google.android.gms.measurement.AppMeasurementService"
105-->[com.google.android.gms:play-services-measurement:17.4.1] AndroidManifest.xml:36:13-84
106            android:enabled="true"
106-->[com.google.android.gms:play-services-measurement:17.4.1] AndroidManifest.xml:37:13-35
107            android:exported="false" />
107-->[com.google.android.gms:play-services-measurement:17.4.1] AndroidManifest.xml:38:13-37
108        <service
108-->[com.google.android.gms:play-services-measurement:17.4.1] AndroidManifest.xml:39:9-43:72
109            android:name="com.google.android.gms.measurement.AppMeasurementJobService"
109-->[com.google.android.gms:play-services-measurement:17.4.1] AndroidManifest.xml:40:13-87
110            android:enabled="true"
110-->[com.google.android.gms:play-services-measurement:17.4.1] AndroidManifest.xml:41:13-35
111            android:exported="false"
111-->[com.google.android.gms:play-services-measurement:17.4.1] AndroidManifest.xml:42:13-37
112            android:permission="android.permission.BIND_JOB_SERVICE" />
112-->[com.google.android.gms:play-services-measurement:17.4.1] AndroidManifest.xml:43:13-69
113
114        <meta-data
114-->[com.google.android.gms:play-services-basement:17.0.0] AndroidManifest.xml:23:9-25:69
115            android:name="com.google.android.gms.version"
115-->[com.google.android.gms:play-services-basement:17.0.0] AndroidManifest.xml:24:13-58
116            android:value="@integer/google_play_services_version" />
116-->[com.google.android.gms:play-services-basement:17.0.0] AndroidManifest.xml:25:13-66
117
118        <service
118-->[androidx.room:room-runtime:2.2.5] AndroidManifest.xml:25:9-28:40
119            android:name="androidx.room.MultiInstanceInvalidationService"
119-->[androidx.room:room-runtime:2.2.5] AndroidManifest.xml:26:13-74
120            android:directBootAware="true"
120-->[androidx.room:room-runtime:2.2.5] AndroidManifest.xml:27:13-43
121            android:exported="false" />
121-->[androidx.room:room-runtime:2.2.5] AndroidManifest.xml:28:13-37
122    </application>
123
124</manifest>